<?xml version="1.0" encoding="UTF-8" ?>
<testsuite tests="7" failures="2" name="mt.test.MicroServerTest" time="0.446" errors="0" skipped="0">
  <properties>
    <property name="java.runtime.name" value="Java(TM) SE Runtime Environment"/>
    <property name="sun.boot.library.path" value="C:\Program Files\Java\jdk1.8.0_72\jre\bin"/>
    <property name="java.vm.version" value="25.72-b15"/>
    <property name="java.vm.vendor" value="Oracle Corporation"/>
    <property name="maven.multiModuleProjectDirectory" value="C:\Users\Ricardo\eclipse\workspace\ES2-2017-EIC1PL-114-MiniTrader\ES2-2017-EIC1PL-114-MiniTrader"/>
    <property name="java.vendor.url" value="http://java.oracle.com/"/>
    <property name="path.separator" value=";"/>
    <property name="guice.disable.misplaced.annotation.check" value="true"/>
    <property name="java.vm.name" value="Java HotSpot(TM) 64-Bit Server VM"/>
    <property name="file.encoding.pkg" value="sun.io"/>
    <property name="user.script" value=""/>
    <property name="user.country" value="PT"/>
    <property name="sun.java.launcher" value="SUN_STANDARD"/>
    <property name="sun.os.patch.level" value=""/>
    <property name="java.vm.specification.name" value="Java Virtual Machine Specification"/>
    <property name="user.dir" value="C:\Users\Ricardo\eclipse\workspace\ES2-2017-EIC1PL-114-MiniTrader\ES2-2017-EIC1PL-114-MiniTrader"/>
    <property name="java.runtime.version" value="1.8.0_72-b15"/>
    <property name="java.awt.graphicsenv" value="sun.awt.Win32GraphicsEnvironment"/>
    <property name="java.endorsed.dirs" value="C:\Program Files\Java\jdk1.8.0_72\jre\lib\endorsed"/>
    <property name="os.arch" value="amd64"/>
    <property name="java.io.tmpdir" value="C:\Users\Ricardo\AppData\Local\Temp\"/>
    <property name="line.separator" value="
"/>
    <property name="java.vm.specification.vendor" value="Oracle Corporation"/>
    <property name="user.variant" value=""/>
    <property name="os.name" value="Windows 10"/>
    <property name="classworlds.conf" value="C:\Users\Ricardo\eclipse\workspace\.metadata\.plugins\org.eclipse.m2e.launching\launches\m2conf5835840716796133793.tmp"/>
    <property name="sun.jnu.encoding" value="Cp1252"/>
    <property name="java.library.path" value="C:\Program Files\Java\jdk1.8.0_72\bin;C:\WINDOWS\Sun\Java\bin;C:\WINDOWS\system32;C:\WINDOWS;C:/Program Files/Java/jdk1.8.0_72/jre/bin/server;C:/Program Files/Java/jdk1.8.0_72/jre/bin;C:/Program Files/Java/jdk1.8.0_72/jre/lib/amd64;C:\ProgramData\Oracle\Java\javapath;C:\WINDOWS\system32;C:\WINDOWS;C:\WINDOWS\System32\Wbem;C:\WINDOWS\System32\WindowsPowerShell\v1.0\;C:\Program Files\MATLAB\R2016b\runtime\win64;C:\Program Files\MATLAB\R2016b\bin;C:\HashiCorp\Vagrant\bin;C:\Program Files (x86)\Skype\Phone\;C:\Program Files\Git\cmd;C:\Program Files\SQL Anywhere 17\bin64;C:\Program Files\SQL Anywhere 17\bin32;C:\Program Files\PuTTY\;C:\Users\Ricardo\AppData\Local\Programs\Python\Python35\Scripts\;C:\Users\Ricardo\AppData\Local\Programs\Python\Python35\;C:\Users\Ricardo\AppData\Local\Microsoft\WindowsApps;C:\Users\Ricardo\AppData\Local\atom\bin;C:\Program Files\MongoDB\Server\3.4\bin;C:\WINDOWS\system32;;."/>
    <property name="java.specification.name" value="Java Platform API Specification"/>
    <property name="java.class.version" value="52.0"/>
    <property name="sun.management.compiler" value="HotSpot 64-Bit Tiered Compilers"/>
    <property name="os.version" value="10.0"/>
    <property name="user.home" value="C:\Users\Ricardo"/>
    <property name="user.timezone" value="Europe/London"/>
    <property name="java.awt.printerjob" value="sun.awt.windows.WPrinterJob"/>
    <property name="java.specification.version" value="1.8"/>
    <property name="file.encoding" value="Cp1252"/>
    <property name="user.name" value="Ricardo"/>
    <property name="java.class.path" value="/C:/Users/Ricardo/eclipse/java-mars2/eclipse/../../../.p2/pool/plugins/org.eclipse.m2e.maven.runtime_1.6.2.20150902-0001/jars/plexus-classworlds-2.5.2.jar"/>
    <property name="java.vm.specification.version" value="1.8"/>
    <property name="sun.arch.data.model" value="64"/>
    <property name="java.home" value="C:\Program Files\Java\jdk1.8.0_72\jre"/>
    <property name="sun.java.command" value="org.codehaus.plexus.classworlds.launcher.Launcher -B test"/>
    <property name="java.specification.vendor" value="Oracle Corporation"/>
    <property name="user.language" value="pt"/>
    <property name="awt.toolkit" value="sun.awt.windows.WToolkit"/>
    <property name="java.vm.info" value="mixed mode"/>
    <property name="java.version" value="1.8.0_72"/>
    <property name="java.ext.dirs" value="C:\Program Files\Java\jdk1.8.0_72\jre\lib\ext;C:\WINDOWS\Sun\Java\lib\ext"/>
    <property name="sun.boot.class.path" value="C:\Program Files\Java\jdk1.8.0_72\jre\lib\resources.jar;C:\Program Files\Java\jdk1.8.0_72\jre\lib\rt.jar;C:\Program Files\Java\jdk1.8.0_72\jre\lib\sunrsasign.jar;C:\Program Files\Java\jdk1.8.0_72\jre\lib\jsse.jar;C:\Program Files\Java\jdk1.8.0_72\jre\lib\jce.jar;C:\Program Files\Java\jdk1.8.0_72\jre\lib\charsets.jar;C:\Program Files\Java\jdk1.8.0_72\jre\lib\jfr.jar;C:\Program Files\Java\jdk1.8.0_72\jre\classes"/>
    <property name="java.vendor" value="Oracle Corporation"/>
    <property name="maven.home" value="C:\Users\Ricardo\eclipse\workspace\ES2-2017-EIC1PL-114-MiniTrader\ES2-2017-EIC1PL-114-MiniTrader\EMBEDDED"/>
    <property name="file.separator" value="\"/>
    <property name="java.vendor.url.bug" value="http://bugreport.sun.com/bugreport/"/>
    <property name="sun.cpu.endian" value="little"/>
    <property name="sun.io.unicode.encoding" value="UnicodeLittle"/>
    <property name="sun.desktop" value="windows"/>
    <property name="sun.cpu.isalist" value="amd64"/>
  </properties>
  <testcase classname="mt.test.MicroServerTest" name="testMicroServer" time="0.177"/>
  <testcase classname="mt.test.MicroServerTest" name="testStart" time="0.139">
    <failure message="
Argument(s) are different! Wanted:
serverComm.sendOrder(
    &quot;userB&quot;,
    sell MSFT, 5 units at 20.0 EUR/unit (nickname: userA, serverID: 0)
);
-&gt; at mt.test.MicroServerTest.testStart(MicroServerTest.java:130)
Actual invocation has different arguments:
serverComm.sendOrder(
    &quot;userA&quot;,
    sell MSFT, 10 units at 20.0 EUR/unit (nickname: userA, serverID: 1)
);
-&gt; at mt.server.MicroServer.notifyAllClients(MicroServer.java:388)
" type="Argument(s) are different! Wanted">Argument(s) are different! Wanted:
serverComm.sendOrder(
    &quot;userB&quot;,
    sell MSFT, 5 units at 20.0 EUR/unit (nickname: userA, serverID: 0)
);
-&gt; at mt.test.MicroServerTest.testStart(MicroServerTest.java:130)
Actual invocation has different arguments:
serverComm.sendOrder(
    &quot;userA&quot;,
    sell MSFT, 10 units at 20.0 EUR/unit (nickname: userA, serverID: 1)
);
-&gt; at mt.server.MicroServer.notifyAllClients(MicroServer.java:388)

	at sun.reflect.NativeConstructorAccessorImpl.newInstance0(Native Method)
	at sun.reflect.NativeConstructorAccessorImpl.newInstance(NativeConstructorAccessorImpl.java:62)
	at sun.reflect.DelegatingConstructorAccessorImpl.newInstance(DelegatingConstructorAccessorImpl.java:45)
	at java.lang.reflect.Constructor.newInstance(Constructor.java:423)
	at mt.test.MicroServerTest.testStart(MicroServerTest.java:130)
	at sun.reflect.NativeMethodAccessorImpl.invoke0(Native Method)
	at sun.reflect.NativeMethodAccessorImpl.invoke(NativeMethodAccessorImpl.java:62)
	at sun.reflect.DelegatingMethodAccessorImpl.invoke(DelegatingMethodAccessorImpl.java:43)
	at java.lang.reflect.Method.invoke(Method.java:498)
	at org.junit.runners.model.FrameworkMethod$1.runReflectiveCall(FrameworkMethod.java:50)
	at org.junit.internal.runners.model.ReflectiveCallable.run(ReflectiveCallable.java:12)
	at org.junit.runners.model.FrameworkMethod.invokeExplosively(FrameworkMethod.java:47)
	at org.junit.internal.runners.statements.InvokeMethod.evaluate(InvokeMethod.java:17)
	at org.junit.internal.runners.statements.RunBefores.evaluate(RunBefores.java:26)
	at org.junit.internal.runners.statements.RunAfters.evaluate(RunAfters.java:27)
	at org.junit.runners.ParentRunner.runLeaf(ParentRunner.java:325)
	at org.junit.runners.BlockJUnit4ClassRunner.runChild(BlockJUnit4ClassRunner.java:78)
	at org.junit.runners.BlockJUnit4ClassRunner.runChild(BlockJUnit4ClassRunner.java:57)
	at org.junit.runners.ParentRunner$3.run(ParentRunner.java:290)
	at org.junit.runners.ParentRunner$1.schedule(ParentRunner.java:71)
	at org.junit.runners.ParentRunner.runChildren(ParentRunner.java:288)
	at org.junit.runners.ParentRunner.access$000(ParentRunner.java:58)
	at org.junit.runners.ParentRunner$2.evaluate(ParentRunner.java:268)
	at org.junit.runners.ParentRunner.run(ParentRunner.java:363)
	at org.mockito.internal.runners.JUnit45AndHigherRunnerImpl.run(JUnit45AndHigherRunnerImpl.java:37)
	at org.mockito.runners.MockitoJUnitRunner.run(MockitoJUnitRunner.java:62)
	at org.apache.maven.surefire.junit4.JUnit4Provider.execute(JUnit4Provider.java:252)
	at org.apache.maven.surefire.junit4.JUnit4Provider.executeTestSet(JUnit4Provider.java:141)
	at org.apache.maven.surefire.junit4.JUnit4Provider.invoke(JUnit4Provider.java:112)
	at sun.reflect.NativeMethodAccessorImpl.invoke0(Native Method)
	at sun.reflect.NativeMethodAccessorImpl.invoke(NativeMethodAccessorImpl.java:62)
	at sun.reflect.DelegatingMethodAccessorImpl.invoke(DelegatingMethodAccessorImpl.java:43)
	at java.lang.reflect.Method.invoke(Method.java:498)
	at org.apache.maven.surefire.util.ReflectionUtils.invokeMethodWithArray(ReflectionUtils.java:189)
	at org.apache.maven.surefire.booter.ProviderFactory$ProviderProxy.invoke(ProviderFactory.java:165)
	at org.apache.maven.surefire.booter.ProviderFactory.invokeProvider(ProviderFactory.java:85)
	at org.apache.maven.surefire.booter.ForkedBooter.runSuitesInProcess(ForkedBooter.java:115)
	at org.apache.maven.surefire.booter.ForkedBooter.main(ForkedBooter.java:75)
</failure>
    <system-err>mai 07, 2017 3:50:09 PM mt.server.MicroServer &lt;init&gt;
INFO: Creating the server...
mai 07, 2017 3:50:09 PM mt.server.MicroServer start
INFO: Starting Server...
mai 07, 2017 3:50:09 PM mt.server.MicroServer processUserConnected
INFO: Connecting client userA...
mai 07, 2017 3:50:09 PM mt.server.MicroServer processNewOrder
INFO: Processing new order...
mai 07, 2017 3:50:09 PM mt.server.MicroServer saveOrder
INFO: Storing the new order...
mai 07, 2017 3:50:09 PM mt.server.MicroServer processSell
INFO: Processing sell order...
mai 07, 2017 3:50:09 PM mt.server.MicroServer notifyClientsOfChangedOrders
INFO: Notifying client about the changed order...
mai 07, 2017 3:50:09 PM mt.server.MicroServer removeFulfilledOrders
INFO: Removing fulfilled orders...
mai 07, 2017 3:50:09 PM mt.server.MicroServer notifyAllClients
INFO: Notifying clients about the new order...
mai 07, 2017 3:50:09 PM mt.server.MicroServer processUserConnected
INFO: Connecting client userB...
mai 07, 2017 3:50:09 PM mt.server.MicroServer processNewOrder
INFO: Processing new order...
mai 07, 2017 3:50:09 PM mt.server.MicroServer processUserDisconnected
INFO: Disconnecting client userA...
mai 07, 2017 3:50:09 PM mt.server.MicroServer processUserDisconnected
INFO: Disconnecting client userB...
mai 07, 2017 3:50:09 PM mt.server.MicroServer start
INFO: Shutting Down Server...
</system-err>
  </testcase>
  <testcase classname="mt.test.MicroServerTest" name="testUserAlreadyConnected" time="0.047"/>
  <testcase classname="mt.test.MicroServerTest" name="testStartProcessSellOrder" time="0.027"/>
  <testcase classname="mt.test.MicroServerTest" name="testStart2" time="0.007"/>
  <testcase classname="mt.test.MicroServerTest" name="testStart3" time="0.006"/>
  <testcase classname="mt.test.MicroServerTest" name="testStartProcessBuyOrder" time="0.043">
    <failure message="
Argument(s) are different! Wanted:
serverComm.sendOrder(
    &quot;userA&quot;,
    sell MSFT, 5 units at 20.0 EUR/unit (nickname: userA, serverID: 0)
);
-&gt; at mt.test.MicroServerTest.testStartProcessBuyOrder(MicroServerTest.java:175)
Actual invocation has different arguments:
serverComm.sendOrder(
    &quot;userA&quot;,
    sell MSFT, 10 units at 20.0 EUR/unit (nickname: userA, serverID: 5)
);
-&gt; at mt.server.MicroServer.notifyAllClients(MicroServer.java:388)
" type="Argument(s) are different! Wanted">Argument(s) are different! Wanted:
serverComm.sendOrder(
    &quot;userA&quot;,
    sell MSFT, 5 units at 20.0 EUR/unit (nickname: userA, serverID: 0)
);
-&gt; at mt.test.MicroServerTest.testStartProcessBuyOrder(MicroServerTest.java:175)
Actual invocation has different arguments:
serverComm.sendOrder(
    &quot;userA&quot;,
    sell MSFT, 10 units at 20.0 EUR/unit (nickname: userA, serverID: 5)
);
-&gt; at mt.server.MicroServer.notifyAllClients(MicroServer.java:388)

	at sun.reflect.NativeConstructorAccessorImpl.newInstance0(Native Method)
	at sun.reflect.NativeConstructorAccessorImpl.newInstance(NativeConstructorAccessorImpl.java:62)
	at sun.reflect.DelegatingConstructorAccessorImpl.newInstance(DelegatingConstructorAccessorImpl.java:45)
	at java.lang.reflect.Constructor.newInstance(Constructor.java:423)
	at mt.test.MicroServerTest.testStartProcessBuyOrder(MicroServerTest.java:175)
	at sun.reflect.NativeMethodAccessorImpl.invoke0(Native Method)
	at sun.reflect.NativeMethodAccessorImpl.invoke(NativeMethodAccessorImpl.java:62)
	at sun.reflect.DelegatingMethodAccessorImpl.invoke(DelegatingMethodAccessorImpl.java:43)
	at java.lang.reflect.Method.invoke(Method.java:498)
	at org.junit.runners.model.FrameworkMethod$1.runReflectiveCall(FrameworkMethod.java:50)
	at org.junit.internal.runners.model.ReflectiveCallable.run(ReflectiveCallable.java:12)
	at org.junit.runners.model.FrameworkMethod.invokeExplosively(FrameworkMethod.java:47)
	at org.junit.internal.runners.statements.InvokeMethod.evaluate(InvokeMethod.java:17)
	at org.junit.internal.runners.statements.RunBefores.evaluate(RunBefores.java:26)
	at org.junit.internal.runners.statements.RunAfters.evaluate(RunAfters.java:27)
	at org.junit.runners.ParentRunner.runLeaf(ParentRunner.java:325)
	at org.junit.runners.BlockJUnit4ClassRunner.runChild(BlockJUnit4ClassRunner.java:78)
	at org.junit.runners.BlockJUnit4ClassRunner.runChild(BlockJUnit4ClassRunner.java:57)
	at org.junit.runners.ParentRunner$3.run(ParentRunner.java:290)
	at org.junit.runners.ParentRunner$1.schedule(ParentRunner.java:71)
	at org.junit.runners.ParentRunner.runChildren(ParentRunner.java:288)
	at org.junit.runners.ParentRunner.access$000(ParentRunner.java:58)
	at org.junit.runners.ParentRunner$2.evaluate(ParentRunner.java:268)
	at org.junit.runners.ParentRunner.run(ParentRunner.java:363)
	at org.mockito.internal.runners.JUnit45AndHigherRunnerImpl.run(JUnit45AndHigherRunnerImpl.java:37)
	at org.mockito.runners.MockitoJUnitRunner.run(MockitoJUnitRunner.java:62)
	at org.apache.maven.surefire.junit4.JUnit4Provider.execute(JUnit4Provider.java:252)
	at org.apache.maven.surefire.junit4.JUnit4Provider.executeTestSet(JUnit4Provider.java:141)
	at org.apache.maven.surefire.junit4.JUnit4Provider.invoke(JUnit4Provider.java:112)
	at sun.reflect.NativeMethodAccessorImpl.invoke0(Native Method)
	at sun.reflect.NativeMethodAccessorImpl.invoke(NativeMethodAccessorImpl.java:62)
	at sun.reflect.DelegatingMethodAccessorImpl.invoke(DelegatingMethodAccessorImpl.java:43)
	at java.lang.reflect.Method.invoke(Method.java:498)
	at org.apache.maven.surefire.util.ReflectionUtils.invokeMethodWithArray(ReflectionUtils.java:189)
	at org.apache.maven.surefire.booter.ProviderFactory$ProviderProxy.invoke(ProviderFactory.java:165)
	at org.apache.maven.surefire.booter.ProviderFactory.invokeProvider(ProviderFactory.java:85)
	at org.apache.maven.surefire.booter.ForkedBooter.runSuitesInProcess(ForkedBooter.java:115)
	at org.apache.maven.surefire.booter.ForkedBooter.main(ForkedBooter.java:75)
</failure>
    <system-err>mai 07, 2017 3:50:09 PM mt.server.MicroServer &lt;init&gt;
INFO: Creating the server...
mai 07, 2017 3:50:09 PM mt.server.MicroServer start
INFO: Starting Server...
mai 07, 2017 3:50:09 PM mt.server.MicroServer processUserConnected
INFO: Connecting client userA...
mai 07, 2017 3:50:09 PM mt.server.MicroServer processNewOrder
INFO: Processing new order...
mai 07, 2017 3:50:09 PM mt.server.MicroServer saveOrder
INFO: Storing the new order...
mai 07, 2017 3:50:09 PM mt.server.MicroServer processSell
INFO: Processing sell order...
mai 07, 2017 3:50:09 PM mt.server.MicroServer notifyClientsOfChangedOrders
INFO: Notifying client about the changed order...
mai 07, 2017 3:50:09 PM mt.server.MicroServer removeFulfilledOrders
INFO: Removing fulfilled orders...
mai 07, 2017 3:50:09 PM mt.server.MicroServer notifyAllClients
INFO: Notifying clients about the new order...
mai 07, 2017 3:50:09 PM mt.server.MicroServer processUserConnected
INFO: Connecting client userB...
mai 07, 2017 3:50:09 PM mt.server.MicroServer processNewOrder
INFO: Processing new order...
mai 07, 2017 3:50:09 PM mt.server.MicroServer processUserDisconnected
INFO: Disconnecting client userA...
mai 07, 2017 3:50:09 PM mt.server.MicroServer processUserDisconnected
INFO: Disconnecting client userB...
mai 07, 2017 3:50:09 PM mt.server.MicroServer start
INFO: Shutting Down Server...
</system-err>
  </testcase>
</testsuite>